<?xml version="1.0" encoding="UTF-8"?>
<!-- Generated by org.testng.reporters.JUnitReportReporter -->
<testsuite hostname="INDPRFTCPL1690" failures="0" tests="2" name="child" time="0.035" errors="0" timestamp="2024-07-15T11:23:24 IST" skipped="0">
  <testcase classname="child" name="dothis" time="0.000"/>
  <testcase classname="child" name="getData" time="0.035"/>
</testsuite> <!-- child -->
