<?xml version="1.0" encoding="UTF-8"?>
<!-- Generated by org.testng.reporters.JUnitReportReporter -->
<testsuite hostname="INDPRFTCPL1690" failures="0" tests="2" name="child1" time="0.064" errors="0" timestamp="2024-07-12T19:00:49 IST" skipped="0">
  <testcase classname="child1" name="dothis" time="0.043"/>
  <testcase classname="child1" name="execute" time="0.021"/>
</testsuite> <!-- child1 -->
