<?xml version="1.0" encoding="UTF-8"?>
<!-- Generated by org.testng.reporters.JUnitReportReporter -->
<testsuite hostname="INDPRFTCPL1690" failures="0" tests="1" name="Javastreams" time="0.006" errors="0" timestamp="2024-07-03T10:47:51 IST" skipped="0">
  <testcase classname="Javastreams" name="Collect" time="0.006"/>
</testsuite> <!-- Javastreams -->
